<?xml version="1.0" encoding="UTF-8"?>
<!-- Generated by org.testng.reporters.JUnitXMLReporter -->
<testsuite ignored="0" hostname="DESKTOP-IHIJH93" failures="0" tests="5" name="Default test" time="0.064" errors="0" timestamp="2022-10-23T01:12:58 IST">
  <testcase classname="practice.Sample1" name="createCustomer" time="0.007"/>
  <testcase classname="practice.Sample1" name="createCustomer" time="0.001"/>
  <testcase classname="practice.Sample1" name="createCustomer" time="0.001"/>
  <testcase classname="practice.Sample1" name="modifyCustomer" time="0.001"/>
  <testcase classname="practice.Sample1" name="deleteCustomer" time="0.002"/>
</testsuite> <!-- Default test -->
