<?xml version="1.0" encoding="UTF-8"?>
<!-- Generated by org.testng.reporters.JUnitXMLReporter -->
<testsuite ignored="0" hostname="DESKTOP-IHIJH93" failures="0" tests="1" name="Testrunner1" time="0.076" errors="0" timestamp="2022-12-19T13:24:17 IST">
  <testcase classname="com.crm.Generic_utilities.BaseClass" name="@BeforeClass BC" time="0.002">
    <failure type="java.lang.NullPointerException" message="Cannot invoke &amp;quot;String.equalsIgnoreCase(String)&amp;quot; because &amp;quot;browser&amp;quot; is null">
      <![CDATA[java.lang.NullPointerException: Cannot invoke "String.equalsIgnoreCase(String)" because "browser" is null
at com.crm.Generic_utilities.BaseClass.BC(BaseClass.java:52)
at java.base/java.util.ArrayList.forEach(ArrayList.java:1511)
at java.base/java.util.concurrent.FutureTask.run(FutureTask.java:264)
at java.base/java.util.concurrent.ThreadPoolExecutor.runWorker(ThreadPoolExecutor.java:1130)
at java.base/java.util.concurrent.ThreadPoolExecutor$Worker.run(ThreadPoolExecutor.java:630)
at java.base/java.lang.Thread.run(Thread.java:831)
... Removed 16 stack frames]]>
    </failure>
  </testcase> <!-- @BeforeClass BC -->
  <testcase classname="com.crm.Generic_utilities.BaseClass" name="@BeforeMethod BM" time="-1.671436457837E9">
    <skipped/>
  </testcase> <!-- @BeforeMethod BM -->
  <testcase classname="com.crm.Generic_utilities.BaseClass" name="@AfterMethod AM" time="-1.671436457845E9">
    <skipped/>
  </testcase> <!-- @AfterMethod AM -->
  <testcase classname="com.crm.Generic_utilities.BaseClass" name="@AfterClass AC" time="-1.671436457848E9">
    <skipped/>
  </testcase> <!-- @AfterClass AC -->
  <testcase classname="com.crm.campaign.CreateCampaignWithProductTest" name="createCampaignWithProductTest" time="0.0">
    <skipped/>
  </testcase> <!-- createCampaignWithProductTest -->
</testsuite> <!-- Testrunner1 -->
