<?xml version="1.0" encoding="UTF-8"?>
<!-- Generated by org.testng.reporters.JUnitXMLReporter -->
<testsuite hostname="DESKTOP-IHIJH93" ignored="16" name="Command line test" tests="1" failures="0" timestamp="16 Dec 2022 08:00:11 GMT" time="97.359" errors="0">
  <testcase name="createCampaignTest" time="24.587" classname="com.crm.campaign.CreateCampaignTest"/>
  <testcase name="@BeforeTest BT" time="0.0" classname="com.crm.Generic_utilities.BaseClass">
    <ignored/>
  </testcase> <!-- @BeforeTest BT -->
  <testcase name="@BeforeTest BT" time="0.0" classname="com.crm.Generic_utilities.BaseClass">
    <ignored/>
  </testcase> <!-- @BeforeTest BT -->
  <testcase name="@BeforeTest BT" time="0.0" classname="com.crm.Generic_utilities.BaseClass">
    <ignored/>
  </testcase> <!-- @BeforeTest BT -->
  <testcase name="@BeforeTest BT" time="0.0" classname="com.crm.Generic_utilities.BaseClass">
    <ignored/>
  </testcase> <!-- @BeforeTest BT -->
  <testcase name="@AfterSuite AS" time="0.0" classname="com.crm.Generic_utilities.BaseClass">
    <ignored/>
  </testcase> <!-- @AfterSuite AS -->
  <testcase name="@AfterSuite AS" time="0.0" classname="com.crm.Generic_utilities.BaseClass">
    <ignored/>
  </testcase> <!-- @AfterSuite AS -->
  <testcase name="@AfterSuite AS" time="0.0" classname="com.crm.Generic_utilities.BaseClass">
    <ignored/>
  </testcase> <!-- @AfterSuite AS -->
  <testcase name="@AfterSuite AS" time="0.0" classname="com.crm.Generic_utilities.BaseClass">
    <ignored/>
  </testcase> <!-- @AfterSuite AS -->
  <testcase name="@AfterTest AT" time="0.0" classname="com.crm.Generic_utilities.BaseClass">
    <ignored/>
  </testcase> <!-- @AfterTest AT -->
  <testcase name="@AfterTest AT" time="0.0" classname="com.crm.Generic_utilities.BaseClass">
    <ignored/>
  </testcase> <!-- @AfterTest AT -->
  <testcase name="@AfterTest AT" time="0.0" classname="com.crm.Generic_utilities.BaseClass">
    <ignored/>
  </testcase> <!-- @AfterTest AT -->
  <testcase name="@AfterTest AT" time="0.0" classname="com.crm.Generic_utilities.BaseClass">
    <ignored/>
  </testcase> <!-- @AfterTest AT -->
  <testcase name="@BeforeSuite BS" time="0.0" classname="com.crm.Generic_utilities.BaseClass">
    <ignored/>
  </testcase> <!-- @BeforeSuite BS -->
  <testcase name="@BeforeSuite BS" time="0.0" classname="com.crm.Generic_utilities.BaseClass">
    <ignored/>
  </testcase> <!-- @BeforeSuite BS -->
  <testcase name="@BeforeSuite BS" time="0.0" classname="com.crm.Generic_utilities.BaseClass">
    <ignored/>
  </testcase> <!-- @BeforeSuite BS -->
  <testcase name="@BeforeSuite BS" time="0.0" classname="com.crm.Generic_utilities.BaseClass">
    <ignored/>
  </testcase> <!-- @BeforeSuite BS -->
</testsuite> <!-- Command line test -->
