<?xml version="1.0" encoding="UTF-8"?>
<!-- Generated by org.testng.reporters.JUnitXMLReporter -->
<testsuite ignored="16" hostname="DESKTOP-IHIJH93" failures="0" tests="5" name="Command line test" time="119.076" errors="0" timestamp="19 Dec 2022 10:51:48 GMT">
  <testcase classname="com.crm.campaign.CreateCampaignTest" name="createCampaignTest" time="5.568"/>
  <testcase classname="com.crm.campaign.CreateCampaignWithProductTest" name="createCampaignWithProductTest" time="10.231"/>
  <testcase classname="com.crm.organization.CreateOrganizationTest" name="createOrganizationTest" time="6.063"/>
  <testcase classname="com.crm.product.CreateAndDeleteProductTest" name="createAndDeleteProductTest" time="5.055"/>
  <testcase classname="com.crm.product.CreateProductTest" name="createProductTest" time="4.99"/>
  <testcase classname="com.crm.Generic_utilities.BaseClass" name="@BeforeTest BT" time="0.0">
    <ignored/>
  </testcase> <!-- @BeforeTest BT -->
  <testcase classname="com.crm.Generic_utilities.BaseClass" name="@BeforeTest BT" time="0.0">
    <ignored/>
  </testcase> <!-- @BeforeTest BT -->
  <testcase classname="com.crm.Generic_utilities.BaseClass" name="@BeforeTest BT" time="0.0">
    <ignored/>
  </testcase> <!-- @BeforeTest BT -->
  <testcase classname="com.crm.Generic_utilities.BaseClass" name="@BeforeTest BT" time="0.0">
    <ignored/>
  </testcase> <!-- @BeforeTest BT -->
  <testcase classname="com.crm.Generic_utilities.BaseClass" name="@AfterSuite AS" time="0.0">
    <ignored/>
  </testcase> <!-- @AfterSuite AS -->
  <testcase classname="com.crm.Generic_utilities.BaseClass" name="@AfterSuite AS" time="0.0">
    <ignored/>
  </testcase> <!-- @AfterSuite AS -->
  <testcase classname="com.crm.Generic_utilities.BaseClass" name="@AfterSuite AS" time="0.0">
    <ignored/>
  </testcase> <!-- @AfterSuite AS -->
  <testcase classname="com.crm.Generic_utilities.BaseClass" name="@AfterSuite AS" time="0.0">
    <ignored/>
  </testcase> <!-- @AfterSuite AS -->
  <testcase classname="com.crm.Generic_utilities.BaseClass" name="@AfterTest AT" time="0.0">
    <ignored/>
  </testcase> <!-- @AfterTest AT -->
  <testcase classname="com.crm.Generic_utilities.BaseClass" name="@AfterTest AT" time="0.0">
    <ignored/>
  </testcase> <!-- @AfterTest AT -->
  <testcase classname="com.crm.Generic_utilities.BaseClass" name="@AfterTest AT" time="0.0">
    <ignored/>
  </testcase> <!-- @AfterTest AT -->
  <testcase classname="com.crm.Generic_utilities.BaseClass" name="@AfterTest AT" time="0.0">
    <ignored/>
  </testcase> <!-- @AfterTest AT -->
  <testcase classname="com.crm.Generic_utilities.BaseClass" name="@BeforeSuite BS" time="0.0">
    <ignored/>
  </testcase> <!-- @BeforeSuite BS -->
  <testcase classname="com.crm.Generic_utilities.BaseClass" name="@BeforeSuite BS" time="0.0">
    <ignored/>
  </testcase> <!-- @BeforeSuite BS -->
  <testcase classname="com.crm.Generic_utilities.BaseClass" name="@BeforeSuite BS" time="0.0">
    <ignored/>
  </testcase> <!-- @BeforeSuite BS -->
  <testcase classname="com.crm.Generic_utilities.BaseClass" name="@BeforeSuite BS" time="0.0">
    <ignored/>
  </testcase> <!-- @BeforeSuite BS -->
</testsuite> <!-- Command line test -->
