<?xml version="1.0" encoding="UTF-8"?>
<!-- Generated by org.testng.reporters.JUnitXMLReporter -->
<testsuite hostname="DESKTOP-IHIJH93" ignored="0" name="Test" tests="5" failures="0" timestamp="18 Dec 2022 16:12:43 GMT" time="138.985" errors="0">
  <testcase name="createAndDeleteProductTest" time="22.091" classname="com.crm.product.CreateAndDeleteProductTest"/>
  <testcase name="createCampaignWithProductTest" time="15.032" classname="com.crm.campaign.CreateCampaignWithProductTest"/>
  <testcase name="createProductTest" time="7.619" classname="com.crm.product.CreateProductTest"/>
  <testcase name="createOrganizationTest" time="9.537" classname="com.crm.organization.CreateOrganizationTest"/>
  <testcase name="createCampaignTest" time="7.647" classname="com.crm.campaign.CreateCampaignTest"/>
</testsuite> <!-- Test -->
