<?xml version="1.0" encoding="UTF-8"?>
<testng-results ignored="0" total="5" passed="5" failed="0" skipped="0">
  <reporter-output>
  </reporter-output>
  <suite started-at="2022-12-18T10:53:07Z" name="Suite" finished-at="2022-12-18T10:54:34Z" duration-ms="86351">
    <groups>
      <group name="regressionTest">
        <method signature="CreateCampaignWithProductTest.createCampaignWithProductTest()[pri:0, instance:com.crm.campaign.CreateCampaignWithProductTest@432038ec]" name="createCampaignWithProductTest" class="com.crm.campaign.CreateCampaignWithProductTest"/>
        <method signature="CreateOrganizationTest.createOrganizationTest()[pri:0, instance:com.crm.organization.CreateOrganizationTest@42530531]" name="createOrganizationTest" class="com.crm.organization.CreateOrganizationTest"/>
        <method signature="CreateProductTest.createProductTest()[pri:0, instance:com.crm.product.CreateProductTest@7daa0fbd]" name="createProductTest" class="com.crm.product.CreateProductTest"/>
      </group> <!-- regressionTest -->
      <group name="smokeTest">
        <method signature="CreateAndDeleteProductTest.createAndDeleteProductTest()[pri:0, instance:com.crm.product.CreateAndDeleteProductTest@36a5cabc]" name="createAndDeleteProductTest" class="com.crm.product.CreateAndDeleteProductTest"/>
        <method signature="CreateCampaignTest.createCampaignTest()[pri:0, instance:com.crm.campaign.CreateCampaignTest@5a3bc7ed]" name="createCampaignTest" class="com.crm.campaign.CreateCampaignTest"/>
        <method signature="CreateCampaignWithProductTest.createCampaignWithProductTest()[pri:0, instance:com.crm.campaign.CreateCampaignWithProductTest@432038ec]" name="createCampaignWithProductTest" class="com.crm.campaign.CreateCampaignWithProductTest"/>
        <method signature="CreateProductTest.createProductTest()[pri:0, instance:com.crm.product.CreateProductTest@7daa0fbd]" name="createProductTest" class="com.crm.product.CreateProductTest"/>
      </group> <!-- smokeTest -->
    </groups>
    <test started-at="2022-12-18T10:53:07Z" name="Test" finished-at="2022-12-18T10:54:34Z" duration-ms="86351">
      <class name="com.crm.campaign.CreateCampaignTest">
        <test-method is-config="true" signature="BC()[pri:0, instance:com.crm.campaign.CreateCampaignTest@5a3bc7ed]" started-at="2022-12-18T10:54:08Z" name="BC" finished-at="2022-12-18T10:54:09Z" duration-ms="667" status="PASS">
          <reporter-output>
          </reporter-output>
        </test-method> <!-- BC -->
        <test-method is-config="true" signature="BM()[pri:0, instance:com.crm.campaign.CreateCampaignTest@5a3bc7ed]" started-at="2022-12-18T10:54:09Z" name="BM" finished-at="2022-12-18T10:54:11Z" duration-ms="2426" status="PASS">
          <reporter-output>
          </reporter-output>
        </test-method> <!-- BM -->
        <test-method signature="createCampaignTest()[pri:0, instance:com.crm.campaign.CreateCampaignTest@5a3bc7ed]" started-at="2022-12-18T10:54:11Z" name="createCampaignTest" finished-at="2022-12-18T10:54:16Z" duration-ms="5015" status="PASS">
          <reporter-output>
          </reporter-output>
        </test-method> <!-- createCampaignTest -->
        <test-method is-config="true" signature="AM()[pri:0, instance:com.crm.campaign.CreateCampaignTest@5a3bc7ed]" started-at="2022-12-18T10:54:16Z" name="AM" finished-at="2022-12-18T10:54:17Z" duration-ms="947" status="PASS">
          <reporter-output>
          </reporter-output>
        </test-method> <!-- AM -->
        <test-method is-config="true" signature="AC()[pri:0, instance:com.crm.campaign.CreateCampaignTest@5a3bc7ed]" started-at="2022-12-18T10:54:17Z" name="AC" finished-at="2022-12-18T10:54:34Z" duration-ms="16258" status="PASS">
          <reporter-output>
          </reporter-output>
        </test-method> <!-- AC -->
      </class> <!-- com.crm.campaign.CreateCampaignTest -->
      <class name="com.crm.organization.CreateOrganizationTest">
        <test-method is-config="true" signature="BC()[pri:0, instance:com.crm.organization.CreateOrganizationTest@42530531]" started-at="2022-12-18T10:53:59Z" name="BC" finished-at="2022-12-18T10:53:59Z" duration-ms="702" status="PASS">
          <reporter-output>
          </reporter-output>
        </test-method> <!-- BC -->
        <test-method is-config="true" signature="BM()[pri:0, instance:com.crm.organization.CreateOrganizationTest@42530531]" started-at="2022-12-18T10:53:59Z" name="BM" finished-at="2022-12-18T10:54:02Z" duration-ms="2385" status="PASS">
          <reporter-output>
          </reporter-output>
        </test-method> <!-- BM -->
        <test-method signature="createOrganizationTest()[pri:0, instance:com.crm.organization.CreateOrganizationTest@42530531]" started-at="2022-12-18T10:54:02Z" name="createOrganizationTest" finished-at="2022-12-18T10:54:07Z" duration-ms="5648" status="PASS">
          <reporter-output>
          </reporter-output>
        </test-method> <!-- createOrganizationTest -->
        <test-method is-config="true" signature="AM()[pri:0, instance:com.crm.organization.CreateOrganizationTest@42530531]" started-at="2022-12-18T10:54:07Z" name="AM" finished-at="2022-12-18T10:54:08Z" duration-ms="898" status="PASS">
          <reporter-output>
          </reporter-output>
        </test-method> <!-- AM -->
        <test-method is-config="true" signature="AC()[pri:0, instance:com.crm.organization.CreateOrganizationTest@42530531]" started-at="2022-12-18T10:54:08Z" name="AC" finished-at="2022-12-18T10:54:08Z" duration-ms="96" status="PASS">
          <reporter-output>
          </reporter-output>
        </test-method> <!-- AC -->
      </class> <!-- com.crm.organization.CreateOrganizationTest -->
      <class name="com.crm.campaign.CreateCampaignWithProductTest">
        <test-method is-config="true" signature="BC()[pri:0, instance:com.crm.campaign.CreateCampaignWithProductTest@432038ec]" started-at="2022-12-18T10:53:19Z" name="BC" finished-at="2022-12-18T10:53:20Z" duration-ms="669" status="PASS">
          <reporter-output>
          </reporter-output>
        </test-method> <!-- BC -->
        <test-method is-config="true" signature="BM()[pri:0, instance:com.crm.campaign.CreateCampaignWithProductTest@432038ec]" started-at="2022-12-18T10:53:20Z" name="BM" finished-at="2022-12-18T10:53:22Z" duration-ms="2358" status="PASS">
          <reporter-output>
          </reporter-output>
        </test-method> <!-- BM -->
        <test-method signature="createCampaignWithProductTest()[pri:0, instance:com.crm.campaign.CreateCampaignWithProductTest@432038ec]" started-at="2022-12-18T10:53:22Z" name="createCampaignWithProductTest" finished-at="2022-12-18T10:53:32Z" duration-ms="10141" status="PASS">
          <reporter-output>
          </reporter-output>
        </test-method> <!-- createCampaignWithProductTest -->
        <test-method is-config="true" signature="AM()[pri:0, instance:com.crm.campaign.CreateCampaignWithProductTest@432038ec]" started-at="2022-12-18T10:53:32Z" name="AM" finished-at="2022-12-18T10:53:33Z" duration-ms="938" status="PASS">
          <reporter-output>
          </reporter-output>
        </test-method> <!-- AM -->
        <test-method is-config="true" signature="AC()[pri:0, instance:com.crm.campaign.CreateCampaignWithProductTest@432038ec]" started-at="2022-12-18T10:53:33Z" name="AC" finished-at="2022-12-18T10:53:33Z" duration-ms="75" status="PASS">
          <reporter-output>
          </reporter-output>
        </test-method> <!-- AC -->
      </class> <!-- com.crm.campaign.CreateCampaignWithProductTest -->
      <class name="com.crm.product.CreateAndDeleteProductTest">
        <test-method is-config="true" signature="BC()[pri:0, instance:com.crm.product.CreateAndDeleteProductTest@36a5cabc]" started-at="2022-12-18T10:53:07Z" name="BC" finished-at="2022-12-18T10:53:08Z" duration-ms="1029" status="PASS">
          <reporter-output>
          </reporter-output>
        </test-method> <!-- BC -->
        <test-method is-config="true" signature="BM()[pri:0, instance:com.crm.product.CreateAndDeleteProductTest@36a5cabc]" started-at="2022-12-18T10:53:08Z" name="BM" finished-at="2022-12-18T10:53:11Z" duration-ms="2433" status="PASS">
          <reporter-output>
          </reporter-output>
        </test-method> <!-- BM -->
        <test-method signature="createAndDeleteProductTest()[pri:0, instance:com.crm.product.CreateAndDeleteProductTest@36a5cabc]" started-at="2022-12-18T10:53:11Z" name="createAndDeleteProductTest" finished-at="2022-12-18T10:53:16Z" duration-ms="5567" status="PASS">
          <reporter-output>
          </reporter-output>
        </test-method> <!-- createAndDeleteProductTest -->
        <test-method is-config="true" signature="AM()[pri:0, instance:com.crm.product.CreateAndDeleteProductTest@36a5cabc]" started-at="2022-12-18T10:53:16Z" name="AM" finished-at="2022-12-18T10:53:19Z" duration-ms="2503" status="PASS">
          <reporter-output>
          </reporter-output>
        </test-method> <!-- AM -->
        <test-method is-config="true" signature="AC()[pri:0, instance:com.crm.product.CreateAndDeleteProductTest@36a5cabc]" started-at="2022-12-18T10:53:19Z" name="AC" finished-at="2022-12-18T10:53:19Z" duration-ms="100" status="PASS">
          <reporter-output>
          </reporter-output>
        </test-method> <!-- AC -->
      </class> <!-- com.crm.product.CreateAndDeleteProductTest -->
      <class name="com.crm.product.CreateProductTest">
        <test-method is-config="true" signature="BC()[pri:0, instance:com.crm.product.CreateProductTest@7daa0fbd]" started-at="2022-12-18T10:53:33Z" name="BC" finished-at="2022-12-18T10:53:34Z" duration-ms="756" status="PASS">
          <reporter-output>
          </reporter-output>
        </test-method> <!-- BC -->
        <test-method is-config="true" signature="BM()[pri:0, instance:com.crm.product.CreateProductTest@7daa0fbd]" started-at="2022-12-18T10:53:34Z" name="BM" finished-at="2022-12-18T10:53:36Z" duration-ms="2395" status="PASS">
          <reporter-output>
          </reporter-output>
        </test-method> <!-- BM -->
        <test-method signature="createProductTest()[pri:0, instance:com.crm.product.CreateProductTest@7daa0fbd]" started-at="2022-12-18T10:53:36Z" name="createProductTest" finished-at="2022-12-18T10:53:41Z" duration-ms="5104" status="PASS">
          <reporter-output>
          </reporter-output>
        </test-method> <!-- createProductTest -->
        <test-method is-config="true" signature="AM()[pri:0, instance:com.crm.product.CreateProductTest@7daa0fbd]" started-at="2022-12-18T10:53:41Z" name="AM" finished-at="2022-12-18T10:53:42Z" duration-ms="953" status="PASS">
          <reporter-output>
          </reporter-output>
        </test-method> <!-- AM -->
        <test-method is-config="true" signature="AC()[pri:0, instance:com.crm.product.CreateProductTest@7daa0fbd]" started-at="2022-12-18T10:53:42Z" name="AC" finished-at="2022-12-18T10:53:59Z" duration-ms="16269" status="PASS">
          <reporter-output>
          </reporter-output>
        </test-method> <!-- AC -->
      </class> <!-- com.crm.product.CreateProductTest -->
    </test> <!-- Test -->
  </suite> <!-- Suite -->
</testng-results>
